<?xml version="1.0" encoding="UTF-8"?>
<testsuite name="org.rangjin.springbootwebservice.web.HelloControllerTest" tests="2" skipped="0" failures="0" errors="0" timestamp="2021-01-20T06:47:06" hostname="DESKTOP-V3GGCB7" time="0.51">
  <properties/>
  <testcase name="returnHelloDto" classname="org.rangjin.springbootwebservice.web.HelloControllerTest" time="0.5"/>
  <testcase name="returnHello" classname="org.rangjin.springbootwebservice.web.HelloControllerTest" time="0.009"/>
  <system-out><![CDATA[15:47:03.373 [Test worker] DEBUG org.springframework.test.context.junit4.SpringJUnit4ClassRunner - SpringJUnit4ClassRunner constructor called with [class org.rangjin.springbootwebservice.web.HelloControllerTest]
15:47:03.388 [Test worker] DEBUG org.springframework.test.context.BootstrapUtils - Instantiating CacheAwareContextLoaderDelegate from class [org.springframework.test.context.cache.DefaultCacheAwareContextLoaderDelegate]
15:47:03.388 [Test worker] DEBUG org.springframework.test.context.BootstrapUtils - Instantiating BootstrapContext using constructor [public org.springframework.test.context.support.DefaultBootstrapContext(java.lang.Class,org.springframework.test.context.CacheAwareContextLoaderDelegate)]
15:47:03.404 [Test worker] DEBUG org.springframework.test.context.BootstrapUtils - Instantiating TestContextBootstrapper for test class [org.rangjin.springbootwebservice.web.HelloControllerTest] from class [org.springframework.boot.test.autoconfigure.web.servlet.WebMvcTestContextBootstrapper]
15:47:03.420 [Test worker] INFO org.springframework.boot.test.autoconfigure.web.servlet.WebMvcTestContextBootstrapper - Neither @ContextConfiguration nor @ContextHierarchy found for test class [org.rangjin.springbootwebservice.web.HelloControllerTest], using SpringBootContextLoader
15:47:03.420 [Test worker] DEBUG org.springframework.test.context.support.AbstractContextLoader - Did not detect default resource location for test class [org.rangjin.springbootwebservice.web.HelloControllerTest]: class path resource [org/rangjin/springbootwebservice/web/HelloControllerTest-context.xml] does not exist
15:47:03.435 [Test worker] DEBUG org.springframework.test.context.support.AbstractContextLoader - Did not detect default resource location for test class [org.rangjin.springbootwebservice.web.HelloControllerTest]: class path resource [org/rangjin/springbootwebservice/web/HelloControllerTestContext.groovy] does not exist
15:47:03.435 [Test worker] INFO org.springframework.test.context.support.AbstractContextLoader - Could not detect default resource locations for test class [org.rangjin.springbootwebservice.web.HelloControllerTest]: no resource found for suffixes {-context.xml, Context.groovy}.
15:47:03.435 [Test worker] INFO org.springframework.test.context.support.AnnotationConfigContextLoaderUtils - Could not detect default configuration classes for test class [org.rangjin.springbootwebservice.web.HelloControllerTest]: HelloControllerTest does not declare any static, non-private, non-final, nested classes annotated with @Configuration.
15:47:03.498 [Test worker] DEBUG org.springframework.test.context.support.ActiveProfilesUtils - Could not find an 'annotation declaring class' for annotation type [org.springframework.test.context.ActiveProfiles] and class [org.rangjin.springbootwebservice.web.HelloControllerTest]
15:47:03.592 [Test worker] DEBUG org.springframework.context.annotation.ClassPathScanningCandidateComponentProvider - Identified candidate component class: file [C:\Users\Sangjin\Desktop\Projects\spring-boot-webservice\build\classes\java\main\org\rangjin\springbootwebservice\Application.class]
15:47:03.592 [Test worker] INFO org.springframework.boot.test.context.SpringBootTestContextBootstrapper - Found @SpringBootConfiguration org.rangjin.springbootwebservice.Application for test class org.rangjin.springbootwebservice.web.HelloControllerTest
15:47:03.607 [Test worker] DEBUG org.springframework.boot.test.autoconfigure.web.servlet.WebMvcTestContextBootstrapper - @TestExecutionListeners is not present for class [org.rangjin.springbootwebservice.web.HelloControllerTest]: using defaults.
15:47:03.607 [Test worker] INFO org.springframework.boot.test.autoconfigure.web.servlet.WebMvcTestContextBootstrapper - Loaded default TestExecutionListener class names from location [META-INF/spring.factories]: [org.springframework.security.test.context.support.WithSecurityContextTestExecutionListener, org.springframework.security.test.context.support.ReactorContextTestExecutionListener, org.springframework.boot.test.autoconfigure.restdocs.RestDocsTestExecutionListener, org.springframework.boot.test.autoconfigure.web.client.MockRestServiceServerResetTestExecutionListener, org.springframework.boot.test.autoconfigure.web.servlet.MockMvcPrintOnlyOnFailureTestExecutionListener, org.springframework.boot.test.autoconfigure.web.servlet.WebDriverTestExecutionListener, org.springframework.boot.test.mock.mockito.MockitoTestExecutionListener, org.springframework.boot.test.mock.mockito.ResetMocksTestExecutionListener, org.springframework.test.context.web.ServletTestExecutionListener, org.springframework.test.context.support.DirtiesContextBeforeModesTestExecutionListener, org.springframework.test.context.support.DependencyInjectionTestExecutionListener, org.springframework.test.context.support.DirtiesContextTestExecutionListener, org.springframework.test.context.transaction.TransactionalTestExecutionListener, org.springframework.test.context.jdbc.SqlScriptsTestExecutionListener]
15:47:03.623 [Test worker] INFO org.springframework.boot.test.autoconfigure.web.servlet.WebMvcTestContextBootstrapper - Using TestExecutionListeners: [org.springframework.test.context.web.ServletTestExecutionListener@24150551, org.springframework.test.context.support.DirtiesContextBeforeModesTestExecutionListener@3194654f, org.springframework.boot.test.mock.mockito.MockitoTestExecutionListener@713a8a55, org.springframework.boot.test.autoconfigure.SpringBootDependencyInjectionTestExecutionListener@30a65473, org.springframework.test.context.support.DirtiesContextTestExecutionListener@3c95f0bb, org.springframework.test.context.transaction.TransactionalTestExecutionListener@2eb9447b, org.springframework.test.context.jdbc.SqlScriptsTestExecutionListener@bf40bdb, org.springframework.security.test.context.support.WithSecurityContextTestExecutionListener@973c31a, org.springframework.security.test.context.support.ReactorContextTestExecutionListener@1a70eaa7, org.springframework.boot.test.autoconfigure.restdocs.RestDocsTestExecutionListener@7e0eff0e, org.springframework.boot.test.autoconfigure.web.client.MockRestServiceServerResetTestExecutionListener@550f89c7, org.springframework.boot.test.autoconfigure.web.servlet.MockMvcPrintOnlyOnFailureTestExecutionListener@4273eb6f, org.springframework.boot.test.autoconfigure.web.servlet.WebDriverTestExecutionListener@5f4b0454, org.springframework.boot.test.mock.mockito.ResetMocksTestExecutionListener@56b4663c]
15:47:03.638 [Test worker] DEBUG org.springframework.test.annotation.ProfileValueUtils - Retrieved @ProfileValueSourceConfiguration [null] for test class [org.rangjin.springbootwebservice.web.HelloControllerTest]
15:47:03.638 [Test worker] DEBUG org.springframework.test.annotation.ProfileValueUtils - Retrieved ProfileValueSource type [class org.springframework.test.annotation.SystemProfileValueSource] for class [org.rangjin.springbootwebservice.web.HelloControllerTest]
15:47:03.638 [Test worker] DEBUG org.springframework.test.annotation.ProfileValueUtils - Retrieved @ProfileValueSourceConfiguration [null] for test class [org.rangjin.springbootwebservice.web.HelloControllerTest]
15:47:03.638 [Test worker] DEBUG org.springframework.test.annotation.ProfileValueUtils - Retrieved ProfileValueSource type [class org.springframework.test.annotation.SystemProfileValueSource] for class [org.rangjin.springbootwebservice.web.HelloControllerTest]
15:47:03.638 [Test worker] DEBUG org.springframework.test.context.support.AbstractDirtiesContextTestExecutionListener - Before test class: context [DefaultTestContext@42cb428 testClass = HelloControllerTest, testInstance = [null], testMethod = [null], testException = [null], mergedContextConfiguration = [WebMergedContextConfiguration@6e764cd1 testClass = HelloControllerTest, locations = '{}', classes = '{class org.rangjin.springbootwebservice.Application}', contextInitializerClasses = '[]', activeProfiles = '{}', propertySourceLocations = '{}', propertySourceProperties = '{org.springframework.boot.test.autoconfigure.web.servlet.WebMvcTestContextBootstrapper=true}', contextCustomizers = set[org.springframework.boot.test.autoconfigure.OverrideAutoConfigurationContextCustomizerFactory$DisableAutoConfigurationContextCustomizer@a0d6ccf, org.springframework.boot.test.autoconfigure.filter.TypeExcludeFiltersContextCustomizer@2379d280, org.springframework.boot.test.autoconfigure.properties.PropertyMappingContextCustomizer@cd7462d, org.springframework.boot.test.autoconfigure.web.servlet.WebDriverContextCustomizerFactory$Customizer@69839e47, [ImportsContextCustomizer@58f29141 key = [org.springframework.boot.autoconfigure.cache.CacheAutoConfiguration, org.springframework.boot.autoconfigure.context.MessageSourceAutoConfiguration, org.springframework.boot.autoconfigure.data.web.SpringDataWebAutoConfiguration, org.springframework.boot.autoconfigure.freemarker.FreeMarkerAutoConfiguration, org.springframework.boot.autoconfigure.groovy.template.GroovyTemplateAutoConfiguration, org.springframework.boot.autoconfigure.gson.GsonAutoConfiguration, org.springframework.boot.autoconfigure.hateoas.HypermediaAutoConfiguration, org.springframework.boot.autoconfigure.http.HttpMessageConvertersAutoConfiguration, org.springframework.boot.autoconfigure.jackson.JacksonAutoConfiguration, org.springframework.boot.autoconfigure.jsonb.JsonbAutoConfiguration, org.springframework.boot.autoconfigure.mustache.MustacheAutoConfiguration, org.springframework.boot.autoconfigure.task.TaskExecutionAutoConfiguration, org.springframework.boot.autoconfigure.thymeleaf.ThymeleafAutoConfiguration, org.springframework.boot.autoconfigure.validation.ValidationAutoConfiguration, org.springframework.boot.autoconfigure.web.servlet.error.ErrorMvcAutoConfiguration, org.springframework.boot.autoconfigure.web.servlet.WebMvcAutoConfiguration, org.springframework.boot.test.autoconfigure.web.servlet.MockMvcAutoConfiguration, org.springframework.boot.test.autoconfigure.web.servlet.MockMvcSecurityAutoConfiguration, org.springframework.boot.test.autoconfigure.web.servlet.MockMvcWebClientAutoConfiguration, org.springframework.boot.test.autoconfigure.web.servlet.MockMvcWebDriverAutoConfiguration]], org.springframework.boot.test.context.filter.ExcludeFilterContextCustomizer@793292a8, org.springframework.boot.test.json.DuplicateJsonObjectContextCustomizerFactory$DuplicateJsonObjectContextCustomizer@429d5004, org.springframework.boot.test.mock.mockito.MockitoContextCustomizer@0], resourceBasePath = 'src/main/webapp', contextLoader = 'org.springframework.boot.test.context.SpringBootContextLoader', parent = [null]], attributes = map[[empty]]], class annotated with @DirtiesContext [false] with mode [null].
15:47:03.638 [Test worker] DEBUG org.springframework.test.annotation.ProfileValueUtils - Retrieved @ProfileValueSourceConfiguration [null] for test class [org.rangjin.springbootwebservice.web.HelloControllerTest]
15:47:03.638 [Test worker] DEBUG org.springframework.test.annotation.ProfileValueUtils - Retrieved ProfileValueSource type [class org.springframework.test.annotation.SystemProfileValueSource] for class [org.rangjin.springbootwebservice.web.HelloControllerTest]
15:47:03.654 [Test worker] DEBUG org.springframework.test.context.support.DependencyInjectionTestExecutionListener - Performing dependency injection for test context [[DefaultTestContext@42cb428 testClass = HelloControllerTest, testInstance = org.rangjin.springbootwebservice.web.HelloControllerTest@7c65b2e6, testMethod = [null], testException = [null], mergedContextConfiguration = [WebMergedContextConfiguration@6e764cd1 testClass = HelloControllerTest, locations = '{}', classes = '{class org.rangjin.springbootwebservice.Application}', contextInitializerClasses = '[]', activeProfiles = '{}', propertySourceLocations = '{}', propertySourceProperties = '{org.springframework.boot.test.autoconfigure.web.servlet.WebMvcTestContextBootstrapper=true}', contextCustomizers = set[org.springframework.boot.test.autoconfigure.OverrideAutoConfigurationContextCustomizerFactory$DisableAutoConfigurationContextCustomizer@a0d6ccf, org.springframework.boot.test.autoconfigure.filter.TypeExcludeFiltersContextCustomizer@2379d280, org.springframework.boot.test.autoconfigure.properties.PropertyMappingContextCustomizer@cd7462d, org.springframework.boot.test.autoconfigure.web.servlet.WebDriverContextCustomizerFactory$Customizer@69839e47, [ImportsContextCustomizer@58f29141 key = [org.springframework.boot.autoconfigure.cache.CacheAutoConfiguration, org.springframework.boot.autoconfigure.context.MessageSourceAutoConfiguration, org.springframework.boot.autoconfigure.data.web.SpringDataWebAutoConfiguration, org.springframework.boot.autoconfigure.freemarker.FreeMarkerAutoConfiguration, org.springframework.boot.autoconfigure.groovy.template.GroovyTemplateAutoConfiguration, org.springframework.boot.autoconfigure.gson.GsonAutoConfiguration, org.springframework.boot.autoconfigure.hateoas.HypermediaAutoConfiguration, org.springframework.boot.autoconfigure.http.HttpMessageConvertersAutoConfiguration, org.springframework.boot.autoconfigure.jackson.JacksonAutoConfiguration, org.springframework.boot.autoconfigure.jsonb.JsonbAutoConfiguration, org.springframework.boot.autoconfigure.mustache.MustacheAutoConfiguration, org.springframework.boot.autoconfigure.task.TaskExecutionAutoConfiguration, org.springframework.boot.autoconfigure.thymeleaf.ThymeleafAutoConfiguration, org.springframework.boot.autoconfigure.validation.ValidationAutoConfiguration, org.springframework.boot.autoconfigure.web.servlet.error.ErrorMvcAutoConfiguration, org.springframework.boot.autoconfigure.web.servlet.WebMvcAutoConfiguration, org.springframework.boot.test.autoconfigure.web.servlet.MockMvcAutoConfiguration, org.springframework.boot.test.autoconfigure.web.servlet.MockMvcSecurityAutoConfiguration, org.springframework.boot.test.autoconfigure.web.servlet.MockMvcWebClientAutoConfiguration, org.springframework.boot.test.autoconfigure.web.servlet.MockMvcWebDriverAutoConfiguration]], org.springframework.boot.test.context.filter.ExcludeFilterContextCustomizer@793292a8, org.springframework.boot.test.json.DuplicateJsonObjectContextCustomizerFactory$DuplicateJsonObjectContextCustomizer@429d5004, org.springframework.boot.test.mock.mockito.MockitoContextCustomizer@0], resourceBasePath = 'src/main/webapp', contextLoader = 'org.springframework.boot.test.context.SpringBootContextLoader', parent = [null]], attributes = map[[empty]]]].
15:47:03.787 [Test worker] DEBUG org.springframework.test.context.support.TestPropertySourceUtils - Adding inlined properties to environment: {spring.jmx.enabled=false, org.springframework.boot.test.autoconfigure.web.servlet.WebMvcTestContextBootstrapper=true, server.port=-1}

  .   ____          _            __ _ _
 /\\ / ___'_ __ _ _(_)_ __  __ _ \ \ \ \
( ( )\___ | '_ | '_| | '_ \/ _` | \ \ \ \
 \\/  ___)| |_)| | | | | || (_| |  ) ) ) )
  '  |____| .__|_| |_|_| |_\__, | / / / /
 =========|_|==============|___/=/_/_/_/
 :: Spring Boot ::        (v2.1.9.RELEASE)

2021-01-20 15:47:04.142  INFO 11304 --- [    Test worker] o.r.s.web.HelloControllerTest            : Starting HelloControllerTest on DESKTOP-V3GGCB7 with PID 11304 (started by Sangjin in C:\Users\Sangjin\Desktop\Projects\spring-boot-webservice)
2021-01-20 15:47:04.142  INFO 11304 --- [    Test worker] o.r.s.web.HelloControllerTest            : The following profiles are active: oauth
2021-01-20 15:47:05.727  INFO 11304 --- [    Test worker] o.s.s.concurrent.ThreadPoolTaskExecutor  : Initializing ExecutorService 'applicationTaskExecutor'
2021-01-20 15:47:05.852  INFO 11304 --- [    Test worker] o.s.b.a.w.s.WelcomePageHandlerMapping    : Adding welcome page template: index
2021-01-20 15:47:06.438  INFO 11304 --- [    Test worker] .s.s.UserDetailsServiceAutoConfiguration : 

Using generated security password: c7f3fd19-f57e-44b7-bc27-266ed107af76

2021-01-20 15:47:06.704  INFO 11304 --- [    Test worker] o.s.s.web.DefaultSecurityFilterChain     : Creating filter chain: any request, [org.springframework.security.web.context.request.async.WebAsyncManagerIntegrationFilter@b4c383f, org.springframework.security.web.context.SecurityContextPersistenceFilter@4e1b1225, org.springframework.security.web.header.HeaderWriterFilter@57eb6cd4, org.springframework.security.web.csrf.CsrfFilter@20f01d77, org.springframework.security.web.authentication.logout.LogoutFilter@37ddb971, org.springframework.security.web.authentication.UsernamePasswordAuthenticationFilter@7335782a, org.springframework.security.web.authentication.ui.DefaultLoginPageGeneratingFilter@10d601a6, org.springframework.security.web.authentication.ui.DefaultLogoutPageGeneratingFilter@407b08fa, org.springframework.security.web.authentication.www.BasicAuthenticationFilter@1d85b9a5, org.springframework.security.web.savedrequest.RequestCacheAwareFilter@42b0cc74, org.springframework.security.web.servletapi.SecurityContextHolderAwareRequestFilter@221eb2d7, org.springframework.security.web.authentication.AnonymousAuthenticationFilter@7d7e4270, org.springframework.security.web.session.SessionManagementFilter@5cb03ca9, org.springframework.security.web.access.ExceptionTranslationFilter@485fe3cb, org.springframework.security.web.access.intercept.FilterSecurityInterceptor@190b7118]
2021-01-20 15:47:06.766  INFO 11304 --- [    Test worker] o.s.b.t.m.w.SpringBootMockServletContext : Initializing Spring TestDispatcherServlet ''
2021-01-20 15:47:06.766  INFO 11304 --- [    Test worker] o.s.t.web.servlet.TestDispatcherServlet  : Initializing Servlet ''
2021-01-20 15:47:06.782  INFO 11304 --- [    Test worker] o.s.t.web.servlet.TestDispatcherServlet  : Completed initialization in 16 ms
2021-01-20 15:47:06.844  INFO 11304 --- [    Test worker] o.r.s.web.HelloControllerTest            : Started HelloControllerTest in 3.041 seconds (JVM running for 4.475)
]]></system-out>
  <system-err><![CDATA[]]></system-err>
</testsuite>
