<?xml version="1.0" encoding="UTF-8"?>
<testsuite name="org.rangjin.springbootwebservice.web.ProfileControllerTest" tests="1" skipped="0" failures="0" errors="0" timestamp="2021-01-25T07:47:51" hostname="DESKTOP-V3GGCB7" time="0.277">
  <properties/>
  <testcase name="callProfileWithNoAuth" classname="org.rangjin.springbootwebservice.web.ProfileControllerTest" time="0.277"/>
  <system-out><![CDATA[16:47:44.403 [Test worker] DEBUG org.springframework.test.context.junit4.SpringJUnit4ClassRunner - SpringJUnit4ClassRunner constructor called with [class org.rangjin.springbootwebservice.web.ProfileControllerTest]
16:47:44.409 [Test worker] DEBUG org.springframework.test.context.BootstrapUtils - Instantiating CacheAwareContextLoaderDelegate from class [org.springframework.test.context.cache.DefaultCacheAwareContextLoaderDelegate]
16:47:44.415 [Test worker] DEBUG org.springframework.test.context.BootstrapUtils - Instantiating BootstrapContext using constructor [public org.springframework.test.context.support.DefaultBootstrapContext(java.lang.Class,org.springframework.test.context.CacheAwareContextLoaderDelegate)]
16:47:44.429 [Test worker] DEBUG org.springframework.test.context.BootstrapUtils - Instantiating TestContextBootstrapper for test class [org.rangjin.springbootwebservice.web.ProfileControllerTest] from class [org.springframework.boot.test.context.SpringBootTestContextBootstrapper]
16:47:44.438 [Test worker] INFO org.springframework.boot.test.context.SpringBootTestContextBootstrapper - Neither @ContextConfiguration nor @ContextHierarchy found for test class [org.rangjin.springbootwebservice.web.ProfileControllerTest], using SpringBootContextLoader
16:47:44.441 [Test worker] DEBUG org.springframework.test.context.support.AbstractContextLoader - Did not detect default resource location for test class [org.rangjin.springbootwebservice.web.ProfileControllerTest]: class path resource [org/rangjin/springbootwebservice/web/ProfileControllerTest-context.xml] does not exist
16:47:44.442 [Test worker] DEBUG org.springframework.test.context.support.AbstractContextLoader - Did not detect default resource location for test class [org.rangjin.springbootwebservice.web.ProfileControllerTest]: class path resource [org/rangjin/springbootwebservice/web/ProfileControllerTestContext.groovy] does not exist
16:47:44.442 [Test worker] INFO org.springframework.test.context.support.AbstractContextLoader - Could not detect default resource locations for test class [org.rangjin.springbootwebservice.web.ProfileControllerTest]: no resource found for suffixes {-context.xml, Context.groovy}.
16:47:44.443 [Test worker] INFO org.springframework.test.context.support.AnnotationConfigContextLoaderUtils - Could not detect default configuration classes for test class [org.rangjin.springbootwebservice.web.ProfileControllerTest]: ProfileControllerTest does not declare any static, non-private, non-final, nested classes annotated with @Configuration.
16:47:44.485 [Test worker] DEBUG org.springframework.test.context.support.ActiveProfilesUtils - Could not find an 'annotation declaring class' for annotation type [org.springframework.test.context.ActiveProfiles] and class [org.rangjin.springbootwebservice.web.ProfileControllerTest]
16:47:44.591 [Test worker] DEBUG org.springframework.context.annotation.ClassPathScanningCandidateComponentProvider - Identified candidate component class: file [C:\Users\Sangjin\Desktop\Projects\spring-boot-webservice\build\classes\java\main\org\rangjin\springbootwebservice\Application.class]
16:47:44.593 [Test worker] INFO org.springframework.boot.test.context.SpringBootTestContextBootstrapper - Found @SpringBootConfiguration org.rangjin.springbootwebservice.Application for test class org.rangjin.springbootwebservice.web.ProfileControllerTest
16:47:44.696 [Test worker] DEBUG org.springframework.boot.test.context.SpringBootTestContextBootstrapper - @TestExecutionListeners is not present for class [org.rangjin.springbootwebservice.web.ProfileControllerTest]: using defaults.
16:47:44.703 [Test worker] INFO org.springframework.boot.test.context.SpringBootTestContextBootstrapper - Loaded default TestExecutionListener class names from location [META-INF/spring.factories]: [org.springframework.security.test.context.support.WithSecurityContextTestExecutionListener, org.springframework.security.test.context.support.ReactorContextTestExecutionListener, org.springframework.boot.test.autoconfigure.restdocs.RestDocsTestExecutionListener, org.springframework.boot.test.autoconfigure.web.client.MockRestServiceServerResetTestExecutionListener, org.springframework.boot.test.autoconfigure.web.servlet.MockMvcPrintOnlyOnFailureTestExecutionListener, org.springframework.boot.test.autoconfigure.web.servlet.WebDriverTestExecutionListener, org.springframework.boot.test.mock.mockito.MockitoTestExecutionListener, org.springframework.boot.test.mock.mockito.ResetMocksTestExecutionListener, org.springframework.test.context.web.ServletTestExecutionListener, org.springframework.test.context.support.DirtiesContextBeforeModesTestExecutionListener, org.springframework.test.context.support.DependencyInjectionTestExecutionListener, org.springframework.test.context.support.DirtiesContextTestExecutionListener, org.springframework.test.context.transaction.TransactionalTestExecutionListener, org.springframework.test.context.jdbc.SqlScriptsTestExecutionListener]
16:47:44.727 [Test worker] INFO org.springframework.boot.test.context.SpringBootTestContextBootstrapper - Using TestExecutionListeners: [org.springframework.test.context.web.ServletTestExecutionListener@7256e567, org.springframework.test.context.support.DirtiesContextBeforeModesTestExecutionListener@317467b5, org.springframework.boot.test.mock.mockito.MockitoTestExecutionListener@295d4bdc, org.springframework.boot.test.autoconfigure.SpringBootDependencyInjectionTestExecutionListener@5671128c, org.springframework.test.context.support.DirtiesContextTestExecutionListener@13c9a8f8, org.springframework.test.context.transaction.TransactionalTestExecutionListener@1122cfb, org.springframework.test.context.jdbc.SqlScriptsTestExecutionListener@425294ae, org.springframework.security.test.context.support.WithSecurityContextTestExecutionListener@1ce91b1a, org.springframework.security.test.context.support.ReactorContextTestExecutionListener@4239ee17, org.springframework.boot.test.autoconfigure.restdocs.RestDocsTestExecutionListener@525c775f, org.springframework.boot.test.autoconfigure.web.client.MockRestServiceServerResetTestExecutionListener@4fd7e5e, org.springframework.boot.test.autoconfigure.web.servlet.MockMvcPrintOnlyOnFailureTestExecutionListener@50189410, org.springframework.boot.test.autoconfigure.web.servlet.WebDriverTestExecutionListener@5d5c8152, org.springframework.boot.test.mock.mockito.ResetMocksTestExecutionListener@6c8be329]
16:47:44.731 [Test worker] DEBUG org.springframework.test.annotation.ProfileValueUtils - Retrieved @ProfileValueSourceConfiguration [null] for test class [org.rangjin.springbootwebservice.web.ProfileControllerTest]
16:47:44.732 [Test worker] DEBUG org.springframework.test.annotation.ProfileValueUtils - Retrieved ProfileValueSource type [class org.springframework.test.annotation.SystemProfileValueSource] for class [org.rangjin.springbootwebservice.web.ProfileControllerTest]
16:47:44.734 [Test worker] DEBUG org.springframework.test.annotation.ProfileValueUtils - Retrieved @ProfileValueSourceConfiguration [null] for test class [org.rangjin.springbootwebservice.web.ProfileControllerTest]
16:47:44.734 [Test worker] DEBUG org.springframework.test.annotation.ProfileValueUtils - Retrieved ProfileValueSource type [class org.springframework.test.annotation.SystemProfileValueSource] for class [org.rangjin.springbootwebservice.web.ProfileControllerTest]
16:47:44.735 [Test worker] DEBUG org.springframework.test.annotation.ProfileValueUtils - Retrieved @ProfileValueSourceConfiguration [null] for test class [org.rangjin.springbootwebservice.web.ProfileControllerTest]
16:47:44.735 [Test worker] DEBUG org.springframework.test.annotation.ProfileValueUtils - Retrieved ProfileValueSource type [class org.springframework.test.annotation.SystemProfileValueSource] for class [org.rangjin.springbootwebservice.web.ProfileControllerTest]
16:47:44.739 [Test worker] DEBUG org.springframework.test.context.support.AbstractDirtiesContextTestExecutionListener - Before test class: context [DefaultTestContext@7f9d558 testClass = ProfileControllerTest, testInstance = [null], testMethod = [null], testException = [null], mergedContextConfiguration = [WebMergedContextConfiguration@42f5bea3 testClass = ProfileControllerTest, locations = '{}', classes = '{class org.rangjin.springbootwebservice.Application}', contextInitializerClasses = '[]', activeProfiles = '{}', propertySourceLocations = '{}', propertySourceProperties = '{org.springframework.boot.test.context.SpringBootTestContextBootstrapper=true, server.port=0}', contextCustomizers = set[org.springframework.boot.test.autoconfigure.properties.PropertyMappingContextCustomizer@0, org.springframework.boot.test.autoconfigure.web.servlet.WebDriverContextCustomizerFactory$Customizer@3177b70d, org.springframework.boot.test.context.filter.ExcludeFilterContextCustomizer@3c93c25e, org.springframework.boot.test.json.DuplicateJsonObjectContextCustomizerFactory$DuplicateJsonObjectContextCustomizer@6d29c774, org.springframework.boot.test.mock.mockito.MockitoContextCustomizer@0, org.springframework.boot.test.web.client.TestRestTemplateContextCustomizer@4f114368], resourceBasePath = 'src/main/webapp', contextLoader = 'org.springframework.boot.test.context.SpringBootContextLoader', parent = [null]], attributes = map['org.springframework.test.context.web.ServletTestExecutionListener.activateListener' -> false]], class annotated with @DirtiesContext [false] with mode [null].
16:47:44.740 [Test worker] DEBUG org.springframework.test.annotation.ProfileValueUtils - Retrieved @ProfileValueSourceConfiguration [null] for test class [org.rangjin.springbootwebservice.web.ProfileControllerTest]
16:47:44.740 [Test worker] DEBUG org.springframework.test.annotation.ProfileValueUtils - Retrieved ProfileValueSource type [class org.springframework.test.annotation.SystemProfileValueSource] for class [org.rangjin.springbootwebservice.web.ProfileControllerTest]
16:47:44.744 [Test worker] DEBUG org.springframework.test.context.support.DependencyInjectionTestExecutionListener - Performing dependency injection for test context [[DefaultTestContext@7f9d558 testClass = ProfileControllerTest, testInstance = org.rangjin.springbootwebservice.web.ProfileControllerTest@244bc81a, testMethod = [null], testException = [null], mergedContextConfiguration = [WebMergedContextConfiguration@42f5bea3 testClass = ProfileControllerTest, locations = '{}', classes = '{class org.rangjin.springbootwebservice.Application}', contextInitializerClasses = '[]', activeProfiles = '{}', propertySourceLocations = '{}', propertySourceProperties = '{org.springframework.boot.test.context.SpringBootTestContextBootstrapper=true, server.port=0}', contextCustomizers = set[org.springframework.boot.test.autoconfigure.properties.PropertyMappingContextCustomizer@0, org.springframework.boot.test.autoconfigure.web.servlet.WebDriverContextCustomizerFactory$Customizer@3177b70d, org.springframework.boot.test.context.filter.ExcludeFilterContextCustomizer@3c93c25e, org.springframework.boot.test.json.DuplicateJsonObjectContextCustomizerFactory$DuplicateJsonObjectContextCustomizer@6d29c774, org.springframework.boot.test.mock.mockito.MockitoContextCustomizer@0, org.springframework.boot.test.web.client.TestRestTemplateContextCustomizer@4f114368], resourceBasePath = 'src/main/webapp', contextLoader = 'org.springframework.boot.test.context.SpringBootContextLoader', parent = [null]], attributes = map['org.springframework.test.context.web.ServletTestExecutionListener.activateListener' -> false]]].
16:47:44.761 [Test worker] DEBUG org.springframework.test.context.support.TestPropertySourceUtils - Adding inlined properties to environment: {spring.jmx.enabled=false, org.springframework.boot.test.context.SpringBootTestContextBootstrapper=true, server.port=0}

  .   ____          _            __ _ _
 /\\ / ___'_ __ _ _(_)_ __  __ _ \ \ \ \
( ( )\___ | '_ | '_| | '_ \/ _` | \ \ \ \
 \\/  ___)| |_)| | | | | || (_| |  ) ) ) )
  '  |____| .__|_| |_|_| |_\__, | / / / /
 =========|_|==============|___/=/_/_/_/
 :: Spring Boot ::        (v2.1.9.RELEASE)

2021-01-25 16:47:45.062  INFO 10488 --- [    Test worker] o.r.s.web.ProfileControllerTest          : Starting ProfileControllerTest on DESKTOP-V3GGCB7 with PID 10488 (started by Sangjin in C:\Users\Sangjin\Desktop\Projects\spring-boot-webservice)
2021-01-25 16:47:45.063  INFO 10488 --- [    Test worker] o.r.s.web.ProfileControllerTest          : The following profiles are active: oauth
2021-01-25 16:47:45.905  INFO 10488 --- [    Test worker] .s.d.r.c.RepositoryConfigurationDelegate : Bootstrapping Spring Data repositories in DEFAULT mode.
2021-01-25 16:47:46.000  INFO 10488 --- [    Test worker] .s.d.r.c.RepositoryConfigurationDelegate : Finished Spring Data repository scanning in 85ms. Found 2 repository interfaces.
2021-01-25 16:47:46.547  INFO 10488 --- [    Test worker] trationDelegate$BeanPostProcessorChecker : Bean 'org.springframework.transaction.annotation.ProxyTransactionManagementConfiguration' of type [org.springframework.transaction.annotation.ProxyTransactionManagementConfiguration$$EnhancerBySpringCGLIB$$c902298c] is not eligible for getting processed by all BeanPostProcessors (for example: not eligible for auto-proxying)
2021-01-25 16:47:46.933  INFO 10488 --- [    Test worker] o.s.b.w.embedded.tomcat.TomcatWebServer  : Tomcat initialized with port(s): 0 (http)
2021-01-25 16:47:46.963  INFO 10488 --- [    Test worker] o.apache.catalina.core.StandardService   : Starting service [Tomcat]
2021-01-25 16:47:46.964  INFO 10488 --- [    Test worker] org.apache.catalina.core.StandardEngine  : Starting Servlet engine: [Apache Tomcat/9.0.26]
2021-01-25 16:47:47.162  INFO 10488 --- [    Test worker] o.a.c.c.C.[Tomcat].[localhost].[/]       : Initializing Spring embedded WebApplicationContext
2021-01-25 16:47:47.162  INFO 10488 --- [    Test worker] o.s.web.context.ContextLoader            : Root WebApplicationContext: initialization completed in 2083 ms
2021-01-25 16:47:47.483  INFO 10488 --- [    Test worker] com.zaxxer.hikari.HikariDataSource       : HikariPool-1 - Starting...
2021-01-25 16:47:47.667  INFO 10488 --- [    Test worker] com.zaxxer.hikari.HikariDataSource       : HikariPool-1 - Start completed.
2021-01-25 16:47:47.786  INFO 10488 --- [    Test worker] o.hibernate.jpa.internal.util.LogHelper  : HHH000204: Processing PersistenceUnitInfo [
	name: default
	...]
2021-01-25 16:47:47.867  INFO 10488 --- [    Test worker] org.hibernate.Version                    : HHH000412: Hibernate Core {5.3.12.Final}
2021-01-25 16:47:47.870  INFO 10488 --- [    Test worker] org.hibernate.cfg.Environment            : HHH000206: hibernate.properties not found
2021-01-25 16:47:48.025  INFO 10488 --- [    Test worker] o.hibernate.annotations.common.Version   : HCANN000001: Hibernate Commons Annotations {5.0.4.Final}
2021-01-25 16:47:48.186  INFO 10488 --- [    Test worker] org.hibernate.dialect.Dialect            : HHH000400: Using dialect: org.hibernate.dialect.MySQL5InnoDBDialect
Hibernate: drop table if exists posts
Hibernate: drop table if exists user
Hibernate: create table posts (id bigint not null auto_increment, created_date datetime, modified_date datetime, author varchar(255), content TEXT not null, title varchar(500) not null, primary key (id)) engine=InnoDB
Hibernate: create table user (id bigint not null auto_increment, email varchar(255) not null, name varchar(255) not null, picture varchar(255), role varchar(255) not null, primary key (id)) engine=InnoDB
2021-01-25 16:47:48.957  INFO 10488 --- [    Test worker] o.h.t.schema.internal.SchemaCreatorImpl  : HHH000476: Executing import script 'org.hibernate.tool.schema.internal.exec.ScriptSourceInputNonExistentImpl@54bc6d6'
2021-01-25 16:47:48.960  INFO 10488 --- [    Test worker] j.LocalContainerEntityManagerFactoryBean : Initialized JPA EntityManagerFactory for persistence unit 'default'
2021-01-25 16:47:49.653  INFO 10488 --- [    Test worker] o.h.h.i.QueryTranslatorFactoryInitiator  : HHH000397: Using ASTQueryTranslatorFactory
2021-01-25 16:47:50.119  INFO 10488 --- [    Test worker] o.s.s.web.DefaultSecurityFilterChain     : Creating filter chain: any request, [org.springframework.security.web.context.request.async.WebAsyncManagerIntegrationFilter@2f581b8b, org.springframework.security.web.context.SecurityContextPersistenceFilter@2b58b00e, org.springframework.security.web.header.HeaderWriterFilter@279bcce6, org.springframework.security.web.authentication.logout.LogoutFilter@755fb4fa, org.springframework.security.oauth2.client.web.OAuth2AuthorizationRequestRedirectFilter@42cd024, org.springframework.security.oauth2.client.web.OAuth2LoginAuthenticationFilter@772e892e, org.springframework.security.web.authentication.ui.DefaultLoginPageGeneratingFilter@7de1277b, org.springframework.security.web.authentication.ui.DefaultLogoutPageGeneratingFilter@71ad2a0e, org.springframework.security.web.savedrequest.RequestCacheAwareFilter@19744c7f, org.springframework.security.web.servletapi.SecurityContextHolderAwareRequestFilter@3c2e12fd, org.springframework.security.web.authentication.AnonymousAuthenticationFilter@44a01765, org.springframework.security.web.session.SessionManagementFilter@29fde847, org.springframework.security.web.access.ExceptionTranslationFilter@506da4d1, org.springframework.security.web.access.intercept.FilterSecurityInterceptor@59ba32e8]
2021-01-25 16:47:50.491  INFO 10488 --- [    Test worker] o.s.s.concurrent.ThreadPoolTaskExecutor  : Initializing ExecutorService 'applicationTaskExecutor'
2021-01-25 16:47:50.550  WARN 10488 --- [    Test worker] aWebConfiguration$JpaWebMvcConfiguration : spring.jpa.open-in-view is enabled by default. Therefore, database queries may be performed during view rendering. Explicitly configure spring.jpa.open-in-view to disable this warning
2021-01-25 16:47:50.604  INFO 10488 --- [    Test worker] o.s.b.a.w.s.WelcomePageHandlerMapping    : Adding welcome page template: index
2021-01-25 16:47:51.005  INFO 10488 --- [    Test worker] s.a.ScheduledAnnotationBeanPostProcessor : No TaskScheduler/ScheduledExecutorService bean found for scheduled processing
2021-01-25 16:47:51.035  INFO 10488 --- [    Test worker] o.s.b.w.embedded.tomcat.TomcatWebServer  : Tomcat started on port(s): 54121 (http) with context path ''
2021-01-25 16:47:51.039  INFO 10488 --- [    Test worker] o.r.s.web.ProfileControllerTest          : Started ProfileControllerTest in 6.276 seconds (JVM running for 7.214)
2021-01-25 16:47:51.223  INFO 10488 --- [o-auto-1-exec-1] o.a.c.c.C.[Tomcat].[localhost].[/]       : Initializing Spring DispatcherServlet 'dispatcherServlet'
2021-01-25 16:47:51.223  INFO 10488 --- [o-auto-1-exec-1] o.s.web.servlet.DispatcherServlet        : Initializing Servlet 'dispatcherServlet'
2021-01-25 16:47:51.242  INFO 10488 --- [o-auto-1-exec-1] o.s.web.servlet.DispatcherServlet        : Completed initialization in 19 ms
]]></system-out>
  <system-err><![CDATA[]]></system-err>
</testsuite>
