<?xml version="1.0" encoding="UTF-8"?>
<testsuite name="org.rangjin.springbootwebservice.web.PostsApiControllerTest" tests="2" skipped="0" failures="0" errors="0" timestamp="2021-01-20T06:47:15" hostname="DESKTOP-V3GGCB7" time="0.084">
  <properties/>
  <testcase name="registerPosts" classname="org.rangjin.springbootwebservice.web.PostsApiControllerTest" time="0.056"/>
  <testcase name="modifyPosts" classname="org.rangjin.springbootwebservice.web.PostsApiControllerTest" time="0.027"/>
  <system-out><![CDATA[2021-01-20 15:47:15.273  INFO 11304 --- [    Test worker] .b.t.c.SpringBootTestContextBootstrapper : Neither @ContextConfiguration nor @ContextHierarchy found for test class [org.rangjin.springbootwebservice.web.PostsApiControllerTest], using SpringBootContextLoader
2021-01-20 15:47:15.288  INFO 11304 --- [    Test worker] o.s.t.c.support.AbstractContextLoader    : Could not detect default resource locations for test class [org.rangjin.springbootwebservice.web.PostsApiControllerTest]: no resource found for suffixes {-context.xml, Context.groovy}.
2021-01-20 15:47:15.288  INFO 11304 --- [    Test worker] t.c.s.AnnotationConfigContextLoaderUtils : Could not detect default configuration classes for test class [org.rangjin.springbootwebservice.web.PostsApiControllerTest]: PostsApiControllerTest does not declare any static, non-private, non-final, nested classes annotated with @Configuration.
2021-01-20 15:47:15.288  INFO 11304 --- [    Test worker] .b.t.c.SpringBootTestContextBootstrapper : Found @SpringBootConfiguration org.rangjin.springbootwebservice.Application for test class org.rangjin.springbootwebservice.web.PostsApiControllerTest
2021-01-20 15:47:15.288  INFO 11304 --- [    Test worker] .b.t.c.SpringBootTestContextBootstrapper : Loaded default TestExecutionListener class names from location [META-INF/spring.factories]: [org.springframework.security.test.context.support.WithSecurityContextTestExecutionListener, org.springframework.security.test.context.support.ReactorContextTestExecutionListener, org.springframework.boot.test.autoconfigure.restdocs.RestDocsTestExecutionListener, org.springframework.boot.test.autoconfigure.web.client.MockRestServiceServerResetTestExecutionListener, org.springframework.boot.test.autoconfigure.web.servlet.MockMvcPrintOnlyOnFailureTestExecutionListener, org.springframework.boot.test.autoconfigure.web.servlet.WebDriverTestExecutionListener, org.springframework.boot.test.mock.mockito.MockitoTestExecutionListener, org.springframework.boot.test.mock.mockito.ResetMocksTestExecutionListener, org.springframework.test.context.web.ServletTestExecutionListener, org.springframework.test.context.support.DirtiesContextBeforeModesTestExecutionListener, org.springframework.test.context.support.DependencyInjectionTestExecutionListener, org.springframework.test.context.support.DirtiesContextTestExecutionListener, org.springframework.test.context.transaction.TransactionalTestExecutionListener, org.springframework.test.context.jdbc.SqlScriptsTestExecutionListener]
2021-01-20 15:47:15.288  INFO 11304 --- [    Test worker] .b.t.c.SpringBootTestContextBootstrapper : Using TestExecutionListeners: [org.springframework.test.context.web.ServletTestExecutionListener@2523a8ea, org.springframework.test.context.support.DirtiesContextBeforeModesTestExecutionListener@3ba978af, org.springframework.boot.test.mock.mockito.MockitoTestExecutionListener@2ca6cb2a, org.springframework.boot.test.autoconfigure.SpringBootDependencyInjectionTestExecutionListener@4ec81aa0, org.springframework.test.context.support.DirtiesContextTestExecutionListener@76149f6b, org.springframework.test.context.transaction.TransactionalTestExecutionListener@688fd06, org.springframework.test.context.jdbc.SqlScriptsTestExecutionListener@1ced8966, org.springframework.security.test.context.support.WithSecurityContextTestExecutionListener@127e8d41, org.springframework.security.test.context.support.ReactorContextTestExecutionListener@4043b7a2, org.springframework.boot.test.autoconfigure.restdocs.RestDocsTestExecutionListener@1e21261, org.springframework.boot.test.autoconfigure.web.client.MockRestServiceServerResetTestExecutionListener@71341d82, org.springframework.boot.test.autoconfigure.web.servlet.MockMvcPrintOnlyOnFailureTestExecutionListener@17469260, org.springframework.boot.test.autoconfigure.web.servlet.WebDriverTestExecutionListener@4ae5d98d, org.springframework.boot.test.mock.mockito.ResetMocksTestExecutionListener@5b05abaa]
2021-01-20 15:47:15.288  INFO 11304 --- [    Test worker] o.a.c.c.C.[Tomcat].[localhost].[/]       : Initializing Spring TestDispatcherServlet ''
2021-01-20 15:47:15.288  INFO 11304 --- [    Test worker] o.s.t.web.servlet.TestDispatcherServlet  : Initializing Servlet ''
2021-01-20 15:47:15.304  INFO 11304 --- [    Test worker] o.s.t.web.servlet.TestDispatcherServlet  : Completed initialization in 16 ms
Hibernate: insert into posts (created_date, modified_date, author, content, title) values (?, ?, ?, ?, ?)
Hibernate: select posts0_.id as id1_0_, posts0_.created_date as created_2_0_, posts0_.modified_date as modified3_0_, posts0_.author as author4_0_, posts0_.content as content5_0_, posts0_.title as title6_0_ from posts posts0_
Hibernate: select posts0_.id as id1_0_, posts0_.created_date as created_2_0_, posts0_.modified_date as modified3_0_, posts0_.author as author4_0_, posts0_.content as content5_0_, posts0_.title as title6_0_ from posts posts0_
Hibernate: delete from posts where id=?
2021-01-20 15:47:15.351  INFO 11304 --- [    Test worker] o.a.c.c.C.[Tomcat].[localhost].[/]       : Initializing Spring TestDispatcherServlet ''
2021-01-20 15:47:15.351  INFO 11304 --- [    Test worker] o.s.t.web.servlet.TestDispatcherServlet  : Initializing Servlet ''
2021-01-20 15:47:15.351  INFO 11304 --- [    Test worker] o.s.t.web.servlet.TestDispatcherServlet  : Completed initialization in 0 ms
Hibernate: insert into posts (created_date, modified_date, author, content, title) values (?, ?, ?, ?, ?)
Hibernate: select posts0_.id as id1_0_0_, posts0_.created_date as created_2_0_0_, posts0_.modified_date as modified3_0_0_, posts0_.author as author4_0_0_, posts0_.content as content5_0_0_, posts0_.title as title6_0_0_ from posts posts0_ where posts0_.id=?
Hibernate: update posts set created_date=?, modified_date=?, author=?, content=?, title=? where id=?
Hibernate: select posts0_.id as id1_0_, posts0_.created_date as created_2_0_, posts0_.modified_date as modified3_0_, posts0_.author as author4_0_, posts0_.content as content5_0_, posts0_.title as title6_0_ from posts posts0_
Hibernate: select posts0_.id as id1_0_, posts0_.created_date as created_2_0_, posts0_.modified_date as modified3_0_, posts0_.author as author4_0_, posts0_.content as content5_0_, posts0_.title as title6_0_ from posts posts0_
Hibernate: delete from posts where id=?
]]></system-out>
  <system-err><![CDATA[]]></system-err>
</testsuite>
