<?xml version="1.0" encoding="UTF-8"?>
<testsuite name="org.rangjin.springbootwebservice.web.HelloControllerTest" tests="2" skipped="0" failures="0" errors="0" timestamp="2021-01-21T06:19:33" hostname="DESKTOP-V3GGCB7" time="0.14">
  <properties/>
  <testcase name="returnHelloDto" classname="org.rangjin.springbootwebservice.web.HelloControllerTest" time="0.131"/>
  <testcase name="returnHello" classname="org.rangjin.springbootwebservice.web.HelloControllerTest" time="0.009"/>
  <system-out><![CDATA[2021-01-21 15:19:32.123  INFO 11360 --- [    Test worker] .b.t.a.w.s.WebMvcTestContextBootstrapper : Neither @ContextConfiguration nor @ContextHierarchy found for test class [org.rangjin.springbootwebservice.web.HelloControllerTest], using SpringBootContextLoader
2021-01-21 15:19:32.123  INFO 11360 --- [    Test worker] o.s.t.c.support.AbstractContextLoader    : Could not detect default resource locations for test class [org.rangjin.springbootwebservice.web.HelloControllerTest]: no resource found for suffixes {-context.xml, Context.groovy}.
2021-01-21 15:19:32.123  INFO 11360 --- [    Test worker] t.c.s.AnnotationConfigContextLoaderUtils : Could not detect default configuration classes for test class [org.rangjin.springbootwebservice.web.HelloControllerTest]: HelloControllerTest does not declare any static, non-private, non-final, nested classes annotated with @Configuration.
2021-01-21 15:19:32.139  INFO 11360 --- [    Test worker] .b.t.c.SpringBootTestContextBootstrapper : Found @SpringBootConfiguration org.rangjin.springbootwebservice.Application for test class org.rangjin.springbootwebservice.web.HelloControllerTest
2021-01-21 15:19:32.139  INFO 11360 --- [    Test worker] .b.t.a.w.s.WebMvcTestContextBootstrapper : Loaded default TestExecutionListener class names from location [META-INF/spring.factories]: [org.springframework.security.test.context.support.WithSecurityContextTestExecutionListener, org.springframework.security.test.context.support.ReactorContextTestExecutionListener, org.springframework.boot.test.autoconfigure.restdocs.RestDocsTestExecutionListener, org.springframework.boot.test.autoconfigure.web.client.MockRestServiceServerResetTestExecutionListener, org.springframework.boot.test.autoconfigure.web.servlet.MockMvcPrintOnlyOnFailureTestExecutionListener, org.springframework.boot.test.autoconfigure.web.servlet.WebDriverTestExecutionListener, org.springframework.boot.test.mock.mockito.MockitoTestExecutionListener, org.springframework.boot.test.mock.mockito.ResetMocksTestExecutionListener, org.springframework.test.context.web.ServletTestExecutionListener, org.springframework.test.context.support.DirtiesContextBeforeModesTestExecutionListener, org.springframework.test.context.support.DependencyInjectionTestExecutionListener, org.springframework.test.context.support.DirtiesContextTestExecutionListener, org.springframework.test.context.transaction.TransactionalTestExecutionListener, org.springframework.test.context.jdbc.SqlScriptsTestExecutionListener]
2021-01-21 15:19:32.139  INFO 11360 --- [    Test worker] .b.t.a.w.s.WebMvcTestContextBootstrapper : Using TestExecutionListeners: [org.springframework.test.context.web.ServletTestExecutionListener@5dc3d8b4, org.springframework.test.context.support.DirtiesContextBeforeModesTestExecutionListener@4b73f028, org.springframework.boot.test.mock.mockito.MockitoTestExecutionListener@16871ad3, org.springframework.boot.test.autoconfigure.SpringBootDependencyInjectionTestExecutionListener@1d74ed11, org.springframework.test.context.support.DirtiesContextTestExecutionListener@5eb19073, org.springframework.test.context.transaction.TransactionalTestExecutionListener@a97c93d, org.springframework.test.context.jdbc.SqlScriptsTestExecutionListener@24e81b3e, org.springframework.security.test.context.support.WithSecurityContextTestExecutionListener@1e4e66d7, org.springframework.security.test.context.support.ReactorContextTestExecutionListener@4c2e4f65, org.springframework.boot.test.autoconfigure.restdocs.RestDocsTestExecutionListener@7844a9fc, org.springframework.boot.test.autoconfigure.web.client.MockRestServiceServerResetTestExecutionListener@1c117c21, org.springframework.boot.test.autoconfigure.web.servlet.MockMvcPrintOnlyOnFailureTestExecutionListener@7184d9aa, org.springframework.boot.test.autoconfigure.web.servlet.WebDriverTestExecutionListener@4f6ff598, org.springframework.boot.test.mock.mockito.ResetMocksTestExecutionListener@1239bec0]

  .   ____          _            __ _ _
 /\\ / ___'_ __ _ _(_)_ __  __ _ \ \ \ \
( ( )\___ | '_ | '_| | '_ \/ _` | \ \ \ \
 \\/  ___)| |_)| | | | | || (_| |  ) ) ) )
  '  |____| .__|_| |_|_| |_\__, | / / / /
 =========|_|==============|___/=/_/_/_/
 :: Spring Boot ::        (v2.1.9.RELEASE)

2021-01-21 15:19:32.186  INFO 11360 --- [    Test worker] o.r.s.web.HelloControllerTest            : Starting HelloControllerTest on DESKTOP-V3GGCB7 with PID 11360 (started by Sangjin in C:\Users\Sangjin\Desktop\Projects\spring-boot-webservice)
2021-01-21 15:19:32.186  INFO 11360 --- [    Test worker] o.r.s.web.HelloControllerTest            : The following profiles are active: oauth
2021-01-21 15:19:32.744  INFO 11360 --- [    Test worker] o.s.s.concurrent.ThreadPoolTaskExecutor  : Initializing ExecutorService 'applicationTaskExecutor'
2021-01-21 15:19:32.791  INFO 11360 --- [    Test worker] o.s.b.a.w.s.WelcomePageHandlerMapping    : Adding welcome page template: index
2021-01-21 15:19:33.019  INFO 11360 --- [    Test worker] .s.s.UserDetailsServiceAutoConfiguration : 

Using generated security password: 9ad2435a-04e5-4f09-86a3-498e7df27932

2021-01-21 15:19:33.144  INFO 11360 --- [    Test worker] o.s.s.web.DefaultSecurityFilterChain     : Creating filter chain: any request, [org.springframework.security.web.context.request.async.WebAsyncManagerIntegrationFilter@4e31af0a, org.springframework.security.web.context.SecurityContextPersistenceFilter@1b0a4587, org.springframework.security.web.header.HeaderWriterFilter@d11c879, org.springframework.security.web.csrf.CsrfFilter@3db50262, org.springframework.security.web.authentication.logout.LogoutFilter@1cb4471, org.springframework.security.web.authentication.UsernamePasswordAuthenticationFilter@fbdb35a, org.springframework.security.web.authentication.ui.DefaultLoginPageGeneratingFilter@446824c7, org.springframework.security.web.authentication.ui.DefaultLogoutPageGeneratingFilter@34df97b5, org.springframework.security.web.authentication.www.BasicAuthenticationFilter@2cdc65de, org.springframework.security.web.savedrequest.RequestCacheAwareFilter@4cfd8c4a, org.springframework.security.web.servletapi.SecurityContextHolderAwareRequestFilter@4f2cd7ac, org.springframework.security.web.authentication.AnonymousAuthenticationFilter@7be2e665, org.springframework.security.web.session.SessionManagementFilter@18227dab, org.springframework.security.web.access.ExceptionTranslationFilter@45724a56, org.springframework.security.web.access.intercept.FilterSecurityInterceptor@439cd33]
2021-01-21 15:19:33.175  INFO 11360 --- [    Test worker] o.s.b.t.m.w.SpringBootMockServletContext : Initializing Spring TestDispatcherServlet ''
2021-01-21 15:19:33.175  INFO 11360 --- [    Test worker] o.s.t.web.servlet.TestDispatcherServlet  : Initializing Servlet ''
2021-01-21 15:19:33.191  INFO 11360 --- [    Test worker] o.s.t.web.servlet.TestDispatcherServlet  : Completed initialization in 16 ms
2021-01-21 15:19:33.222  INFO 11360 --- [    Test worker] o.r.s.web.HelloControllerTest            : Started HelloControllerTest in 1.083 seconds (JVM running for 8.285)
]]></system-out>
  <system-err><![CDATA[]]></system-err>
</testsuite>
