<?xml version="1.0" encoding="UTF-8"?>
<testsuite name="org.rangjin.springbootwebservice.web.HelloControllerTest" tests="2" skipped="0" failures="0" errors="0" timestamp="2021-01-21T06:43:54" hostname="DESKTOP-V3GGCB7" time="0.195">
  <properties/>
  <testcase name="returnHelloDto" classname="org.rangjin.springbootwebservice.web.HelloControllerTest" time="0.183"/>
  <testcase name="returnHello" classname="org.rangjin.springbootwebservice.web.HelloControllerTest" time="0.01"/>
  <system-out><![CDATA[2021-01-21 15:43:53.962  INFO 4380 --- [    Test worker] .b.t.a.w.s.WebMvcTestContextBootstrapper : Neither @ContextConfiguration nor @ContextHierarchy found for test class [org.rangjin.springbootwebservice.web.HelloControllerTest], using SpringBootContextLoader
2021-01-21 15:43:53.963  INFO 4380 --- [    Test worker] o.s.t.c.support.AbstractContextLoader    : Could not detect default resource locations for test class [org.rangjin.springbootwebservice.web.HelloControllerTest]: no resource found for suffixes {-context.xml, Context.groovy}.
2021-01-21 15:43:53.964  INFO 4380 --- [    Test worker] t.c.s.AnnotationConfigContextLoaderUtils : Could not detect default configuration classes for test class [org.rangjin.springbootwebservice.web.HelloControllerTest]: HelloControllerTest does not declare any static, non-private, non-final, nested classes annotated with @Configuration.
2021-01-21 15:43:53.988  INFO 4380 --- [    Test worker] .b.t.c.SpringBootTestContextBootstrapper : Found @SpringBootConfiguration org.rangjin.springbootwebservice.Application for test class org.rangjin.springbootwebservice.web.HelloControllerTest
2021-01-21 15:43:53.988  INFO 4380 --- [    Test worker] .b.t.a.w.s.WebMvcTestContextBootstrapper : Loaded default TestExecutionListener class names from location [META-INF/spring.factories]: [org.springframework.security.test.context.support.WithSecurityContextTestExecutionListener, org.springframework.security.test.context.support.ReactorContextTestExecutionListener, org.springframework.boot.test.autoconfigure.restdocs.RestDocsTestExecutionListener, org.springframework.boot.test.autoconfigure.web.client.MockRestServiceServerResetTestExecutionListener, org.springframework.boot.test.autoconfigure.web.servlet.MockMvcPrintOnlyOnFailureTestExecutionListener, org.springframework.boot.test.autoconfigure.web.servlet.WebDriverTestExecutionListener, org.springframework.boot.test.mock.mockito.MockitoTestExecutionListener, org.springframework.boot.test.mock.mockito.ResetMocksTestExecutionListener, org.springframework.test.context.web.ServletTestExecutionListener, org.springframework.test.context.support.DirtiesContextBeforeModesTestExecutionListener, org.springframework.test.context.support.DependencyInjectionTestExecutionListener, org.springframework.test.context.support.DirtiesContextTestExecutionListener, org.springframework.test.context.transaction.TransactionalTestExecutionListener, org.springframework.test.context.jdbc.SqlScriptsTestExecutionListener]
2021-01-21 15:43:53.989  INFO 4380 --- [    Test worker] .b.t.a.w.s.WebMvcTestContextBootstrapper : Using TestExecutionListeners: [org.springframework.test.context.web.ServletTestExecutionListener@36b9855, org.springframework.test.context.support.DirtiesContextBeforeModesTestExecutionListener@391d77f4, org.springframework.boot.test.mock.mockito.MockitoTestExecutionListener@494b3cab, org.springframework.boot.test.autoconfigure.SpringBootDependencyInjectionTestExecutionListener@1cbd9787, org.springframework.test.context.support.DirtiesContextTestExecutionListener@434b0d75, org.springframework.test.context.transaction.TransactionalTestExecutionListener@113b703f, org.springframework.test.context.jdbc.SqlScriptsTestExecutionListener@105a8d7, org.springframework.security.test.context.support.WithSecurityContextTestExecutionListener@71f406df, org.springframework.security.test.context.support.ReactorContextTestExecutionListener@6acf9d31, org.springframework.boot.test.autoconfigure.restdocs.RestDocsTestExecutionListener@203fb2df, org.springframework.boot.test.autoconfigure.web.client.MockRestServiceServerResetTestExecutionListener@c50f51f, org.springframework.boot.test.autoconfigure.web.servlet.MockMvcPrintOnlyOnFailureTestExecutionListener@5dc3d8b4, org.springframework.boot.test.autoconfigure.web.servlet.WebDriverTestExecutionListener@4b73f028, org.springframework.boot.test.mock.mockito.ResetMocksTestExecutionListener@16871ad3]

  .   ____          _            __ _ _
 /\\ / ___'_ __ _ _(_)_ __  __ _ \ \ \ \
( ( )\___ | '_ | '_| | '_ \/ _` | \ \ \ \
 \\/  ___)| |_)| | | | | || (_| |  ) ) ) )
  '  |____| .__|_| |_|_| |_\__, | / / / /
 =========|_|==============|___/=/_/_/_/
 :: Spring Boot ::        (v2.1.9.RELEASE)

2021-01-21 15:43:54.033  INFO 4380 --- [    Test worker] o.r.s.web.HelloControllerTest            : Starting HelloControllerTest on DESKTOP-V3GGCB7 with PID 4380 (started by Sangjin in C:\Users\Sangjin\Desktop\Projects\spring-boot-webservice)
2021-01-21 15:43:54.033  INFO 4380 --- [    Test worker] o.r.s.web.HelloControllerTest            : The following profiles are active: oauth
2021-01-21 15:43:54.455  INFO 4380 --- [    Test worker] o.s.s.concurrent.ThreadPoolTaskExecutor  : Initializing ExecutorService 'applicationTaskExecutor'
2021-01-21 15:43:54.488  INFO 4380 --- [    Test worker] o.s.b.a.w.s.WelcomePageHandlerMapping    : Adding welcome page template: index
2021-01-21 15:43:54.682  INFO 4380 --- [    Test worker] .s.s.UserDetailsServiceAutoConfiguration : 

Using generated security password: 1612e71b-3fbc-4e03-939a-b653ff1d93df

2021-01-21 15:43:54.810  INFO 4380 --- [    Test worker] o.s.s.web.DefaultSecurityFilterChain     : Creating filter chain: any request, [org.springframework.security.web.context.request.async.WebAsyncManagerIntegrationFilter@5f0ae26f, org.springframework.security.web.context.SecurityContextPersistenceFilter@38a51306, org.springframework.security.web.header.HeaderWriterFilter@635010cf, org.springframework.security.web.csrf.CsrfFilter@26f068fc, org.springframework.security.web.authentication.logout.LogoutFilter@512a4028, org.springframework.security.web.authentication.UsernamePasswordAuthenticationFilter@4cfd8c4a, org.springframework.security.web.authentication.ui.DefaultLoginPageGeneratingFilter@63c1e64a, org.springframework.security.web.authentication.ui.DefaultLogoutPageGeneratingFilter@439cd33, org.springframework.security.web.authentication.www.BasicAuthenticationFilter@3747990f, org.springframework.security.web.savedrequest.RequestCacheAwareFilter@577f33f1, org.springframework.security.web.servletapi.SecurityContextHolderAwareRequestFilter@344a97b9, org.springframework.security.web.authentication.AnonymousAuthenticationFilter@fbdb35a, org.springframework.security.web.session.SessionManagementFilter@46c223d1, org.springframework.security.web.access.ExceptionTranslationFilter@7be29af1, org.springframework.security.web.access.intercept.FilterSecurityInterceptor@1b0a4587]
2021-01-21 15:43:54.845  INFO 4380 --- [    Test worker] o.s.b.t.m.w.SpringBootMockServletContext : Initializing Spring TestDispatcherServlet ''
2021-01-21 15:43:54.845  INFO 4380 --- [    Test worker] o.s.t.web.servlet.TestDispatcherServlet  : Initializing Servlet ''
2021-01-21 15:43:54.857  INFO 4380 --- [    Test worker] o.s.t.web.servlet.TestDispatcherServlet  : Completed initialization in 12 ms
2021-01-21 15:43:54.885  INFO 4380 --- [    Test worker] o.r.s.web.HelloControllerTest            : Started HelloControllerTest in 0.893 seconds (JVM running for 8.166)
]]></system-out>
  <system-err><![CDATA[]]></system-err>
</testsuite>
