<?xml version="1.0" encoding="UTF-8"?>
<testsuite name="org.rangjin.springbootwebservice.web.HelloControllerTest" tests="2" skipped="0" failures="0" errors="0" timestamp="2021-01-21T07:10:12" hostname="DESKTOP-V3GGCB7" time="0.141">
  <properties/>
  <testcase name="returnHelloDto" classname="org.rangjin.springbootwebservice.web.HelloControllerTest" time="0.13"/>
  <testcase name="returnHello" classname="org.rangjin.springbootwebservice.web.HelloControllerTest" time="0.01"/>
  <system-out><![CDATA[2021-01-21 16:10:11.904  INFO 18180 --- [    Test worker] .b.t.a.w.s.WebMvcTestContextBootstrapper : Neither @ContextConfiguration nor @ContextHierarchy found for test class [org.rangjin.springbootwebservice.web.HelloControllerTest], using SpringBootContextLoader
2021-01-21 16:10:11.904  INFO 18180 --- [    Test worker] o.s.t.c.support.AbstractContextLoader    : Could not detect default resource locations for test class [org.rangjin.springbootwebservice.web.HelloControllerTest]: no resource found for suffixes {-context.xml, Context.groovy}.
2021-01-21 16:10:11.904  INFO 18180 --- [    Test worker] t.c.s.AnnotationConfigContextLoaderUtils : Could not detect default configuration classes for test class [org.rangjin.springbootwebservice.web.HelloControllerTest]: HelloControllerTest does not declare any static, non-private, non-final, nested classes annotated with @Configuration.
2021-01-21 16:10:11.935  INFO 18180 --- [    Test worker] .b.t.c.SpringBootTestContextBootstrapper : Found @SpringBootConfiguration org.rangjin.springbootwebservice.Application for test class org.rangjin.springbootwebservice.web.HelloControllerTest
2021-01-21 16:10:11.935  INFO 18180 --- [    Test worker] .b.t.a.w.s.WebMvcTestContextBootstrapper : Loaded default TestExecutionListener class names from location [META-INF/spring.factories]: [org.springframework.security.test.context.support.WithSecurityContextTestExecutionListener, org.springframework.security.test.context.support.ReactorContextTestExecutionListener, org.springframework.boot.test.autoconfigure.restdocs.RestDocsTestExecutionListener, org.springframework.boot.test.autoconfigure.web.client.MockRestServiceServerResetTestExecutionListener, org.springframework.boot.test.autoconfigure.web.servlet.MockMvcPrintOnlyOnFailureTestExecutionListener, org.springframework.boot.test.autoconfigure.web.servlet.WebDriverTestExecutionListener, org.springframework.boot.test.mock.mockito.MockitoTestExecutionListener, org.springframework.boot.test.mock.mockito.ResetMocksTestExecutionListener, org.springframework.test.context.web.ServletTestExecutionListener, org.springframework.test.context.support.DirtiesContextBeforeModesTestExecutionListener, org.springframework.test.context.support.DependencyInjectionTestExecutionListener, org.springframework.test.context.support.DirtiesContextTestExecutionListener, org.springframework.test.context.transaction.TransactionalTestExecutionListener, org.springframework.test.context.jdbc.SqlScriptsTestExecutionListener]
2021-01-21 16:10:11.935  INFO 18180 --- [    Test worker] .b.t.a.w.s.WebMvcTestContextBootstrapper : Using TestExecutionListeners: [org.springframework.test.context.web.ServletTestExecutionListener@1c117c21, org.springframework.test.context.support.DirtiesContextBeforeModesTestExecutionListener@7184d9aa, org.springframework.boot.test.mock.mockito.MockitoTestExecutionListener@4f6ff598, org.springframework.boot.test.autoconfigure.SpringBootDependencyInjectionTestExecutionListener@1239bec0, org.springframework.test.context.support.DirtiesContextTestExecutionListener@55e38d2, org.springframework.test.context.transaction.TransactionalTestExecutionListener@52c0e85a, org.springframework.test.context.jdbc.SqlScriptsTestExecutionListener@623314af, org.springframework.security.test.context.support.WithSecurityContextTestExecutionListener@3d236997, org.springframework.security.test.context.support.ReactorContextTestExecutionListener@49cf4e49, org.springframework.boot.test.autoconfigure.restdocs.RestDocsTestExecutionListener@1c18ed12, org.springframework.boot.test.autoconfigure.web.client.MockRestServiceServerResetTestExecutionListener@66740452, org.springframework.boot.test.autoconfigure.web.servlet.MockMvcPrintOnlyOnFailureTestExecutionListener@40bdb6da, org.springframework.boot.test.autoconfigure.web.servlet.WebDriverTestExecutionListener@73b31582, org.springframework.boot.test.mock.mockito.ResetMocksTestExecutionListener@2898169b]

  .   ____          _            __ _ _
 /\\ / ___'_ __ _ _(_)_ __  __ _ \ \ \ \
( ( )\___ | '_ | '_| | '_ \/ _` | \ \ \ \
 \\/  ___)| |_)| | | | | || (_| |  ) ) ) )
  '  |____| .__|_| |_|_| |_\__, | / / / /
 =========|_|==============|___/=/_/_/_/
 :: Spring Boot ::        (v2.1.9.RELEASE)

2021-01-21 16:10:11.982  INFO 18180 --- [    Test worker] o.r.s.web.HelloControllerTest            : Starting HelloControllerTest on DESKTOP-V3GGCB7 with PID 18180 (started by Sangjin in C:\Users\Sangjin\Desktop\Projects\spring-boot-webservice)
2021-01-21 16:10:11.982  INFO 18180 --- [    Test worker] o.r.s.web.HelloControllerTest            : The following profiles are active: oauth
2021-01-21 16:10:12.421  INFO 18180 --- [    Test worker] o.s.s.concurrent.ThreadPoolTaskExecutor  : Initializing ExecutorService 'applicationTaskExecutor'
2021-01-21 16:10:12.452  INFO 18180 --- [    Test worker] o.s.b.a.w.s.WelcomePageHandlerMapping    : Adding welcome page template: index
2021-01-21 16:10:12.655  INFO 18180 --- [    Test worker] .s.s.UserDetailsServiceAutoConfiguration : 

Using generated security password: feaf8be1-929e-4c7a-939b-fc57272ee53f

2021-01-21 16:10:12.765  INFO 18180 --- [    Test worker] o.s.s.web.DefaultSecurityFilterChain     : Creating filter chain: any request, [org.springframework.security.web.context.request.async.WebAsyncManagerIntegrationFilter@4ccafe9f, org.springframework.security.web.context.SecurityContextPersistenceFilter@fbdb35a, org.springframework.security.web.header.HeaderWriterFilter@5f0ae26f, org.springframework.security.web.csrf.CsrfFilter@1cb4471, org.springframework.security.web.authentication.logout.LogoutFilter@2cdc65de, org.springframework.security.web.authentication.UsernamePasswordAuthenticationFilter@7bad78bc, org.springframework.security.web.authentication.ui.DefaultLoginPageGeneratingFilter@6a595366, org.springframework.security.web.authentication.ui.DefaultLogoutPageGeneratingFilter@3f7bd0b8, org.springframework.security.web.authentication.www.BasicAuthenticationFilter@e54954c, org.springframework.security.web.savedrequest.RequestCacheAwareFilter@2852d4f7, org.springframework.security.web.servletapi.SecurityContextHolderAwareRequestFilter@20434208, org.springframework.security.web.authentication.AnonymousAuthenticationFilter@152fccee, org.springframework.security.web.session.SessionManagementFilter@439cd33, org.springframework.security.web.access.ExceptionTranslationFilter@5b3f9ee4, org.springframework.security.web.access.intercept.FilterSecurityInterceptor@7be2e665]
2021-01-21 16:10:12.796  INFO 18180 --- [    Test worker] o.s.b.t.m.w.SpringBootMockServletContext : Initializing Spring TestDispatcherServlet ''
2021-01-21 16:10:12.796  INFO 18180 --- [    Test worker] o.s.t.web.servlet.TestDispatcherServlet  : Initializing Servlet ''
2021-01-21 16:10:12.811  INFO 18180 --- [    Test worker] o.s.t.web.servlet.TestDispatcherServlet  : Completed initialization in 15 ms
2021-01-21 16:10:12.847  INFO 18180 --- [    Test worker] o.r.s.web.HelloControllerTest            : Started HelloControllerTest in 0.912 seconds (JVM running for 8.479)
]]></system-out>
  <system-err><![CDATA[]]></system-err>
</testsuite>
